<?xml version="1.0" encoding="utf-8"?><testsuites name="pytest tests"><testsuite name="pytest" errors="0" failures="0" skipped="0" tests="31" time="28.132" timestamp="2026-02-12T21:32:39.885200+00:00" hostname="agent-env-f36063ea-19f8-459c-9abb-33feb3126fa1"><testcase classname="backend.tests.test_new_features.TestHealthAndBasics" name="test_health_endpoint" time="0.089" /><testcase classname="backend.tests.test_new_features.TestHealthAndBasics" name="test_root_endpoint" time="0.041" /><testcase classname="backend.tests.test_new_features.TestMultiCommodityEndpoint" name="test_get_commodities_for_mandi" time="0.044" /><testcase classname="backend.tests.test_new_features.TestMultiCommodityEndpoint" name="test_commodities_have_required_fields" time="0.078" /><testcase classname="backend.tests.test_new_features.TestMultiCommodityEndpoint" name="test_primary_commodity_marked" time="0.041" /><testcase classname="backend.tests.test_new_features.TestMultiCommodityEndpoint" name="test_commodities_stress_index_calculated" time="0.044" /><testcase classname="backend.tests.test_new_features.TestMultiCommodityEndpoint" name="test_commodities_for_nonexistent_mandi" time="0.040" /><testcase classname="backend.tests.test_new_features.TestSurplusDeficitEndpoint" name="test_get_surplus_deficit_for_mandi" time="0.045" /><testcase classname="backend.tests.test_new_features.TestSurplusDeficitEndpoint" name="test_surplus_deficit_analysis_fields" time="0.039" /><testcase classname="backend.tests.test_new_features.TestSurplusDeficitEndpoint" name="test_surplus_deficit_status_values" time="0.036" /><testcase classname="backend.tests.test_new_features.TestSurplusDeficitEndpoint" name="test_surplus_deficit_overall_status" time="0.036" /><testcase classname="backend.tests.test_new_features.TestSurplusDeficitEndpoint" name="test_stabilization_signals" time="0.039" /><testcase classname="backend.tests.test_new_features.TestSurplusDeficitEndpoint" name="test_surplus_deficit_for_nonexistent_mandi" time="0.038" /><testcase classname="backend.tests.test_new_features.TestSurplusDeficitEndpoint" name="test_get_all_surplus_deficit" time="0.037" /><testcase classname="backend.tests.test_new_features.TestTransferRecommendationsEndpoint" name="test_get_transfer_recommendations" time="0.038" /><testcase classname="backend.tests.test_new_features.TestTransferRecommendationsEndpoint" name="test_transfer_recommendation_fields" time="0.043" /><testcase classname="backend.tests.test_new_features.TestTransferRecommendationsEndpoint" name="test_transfer_recommendation_metrics" time="0.038" /><testcase classname="backend.tests.test_new_features.TestContextInterpretationEndpoint" name="test_interpret_strike_context" time="0.041" /><testcase classname="backend.tests.test_new_features.TestContextInterpretationEndpoint" name="test_interpret_flood_context" time="0.037" /><testcase classname="backend.tests.test_new_features.TestContextInterpretationEndpoint" name="test_interpret_festival_context" time="0.037" /><testcase classname="backend.tests.test_new_features.TestContextInterpretationEndpoint" name="test_interpret_multiple_signals" time="0.036" /><testcase classname="backend.tests.test_new_features.TestContextInterpretationEndpoint" name="test_interpret_empty_context" time="0.036" /><testcase classname="backend.tests.test_new_features.TestContextInterpretationEndpoint" name="test_interpret_no_keywords_context" time="0.039" /><testcase classname="backend.tests.test_new_features.TestExistingEndpointsStillWork" name="test_stress_endpoint" time="0.038" /><testcase classname="backend.tests.test_new_features.TestExistingEndpointsStillWork" name="test_mandi_detail_endpoint" time="0.082" /><testcase classname="backend.tests.test_new_features.TestExistingEndpointsStillWork" name="test_simulation_endpoint" time="0.040" /><testcase classname="backend.tests.test_new_features.TestExistingEndpointsStillWork" name="test_recommend_endpoint" time="0.036" /><testcase classname="backend.tests.test_new_features.TestExistingEndpointsStillWork" name="test_mandis_list_endpoint" time="0.036" /><testcase classname="backend.tests.test_new_features.TestExistingEndpointsStillWork" name="test_shock_types_endpoint" time="0.055" /><testcase classname="backend.tests.test_new_features.TestJarvisEndpoint" name="test_jarvis_chat_basic" time="11.423" /><testcase classname="backend.tests.test_new_features.TestJarvisEndpoint" name="test_jarvis_with_shock_context" time="15.275" /></testsuite></testsuites>