<?xml version="1.0" encoding="utf-8"?><testsuites name="pytest tests"><testsuite name="pytest" errors="0" failures="0" skipped="0" tests="29" time="2.138" timestamp="2026-02-12T23:49:29.588366+00:00" hostname="agent-env-e187af5a-2c5b-4bc6-a615-75e97b34146e"><testcase classname="backend.tests.test_market_state_features.TestMarketUpdateEndpoint" name="test_market_update_valid_input" time="0.081" /><testcase classname="backend.tests.test_market_state_features.TestMarketUpdateEndpoint" name="test_market_update_price_recomputation" time="0.076" /><testcase classname="backend.tests.test_market_state_features.TestMarketUpdateEndpoint" name="test_market_update_msi_recomputation" time="0.111" /><testcase classname="backend.tests.test_market_state_features.TestMarketUpdateEndpoint" name="test_market_update_appends_to_history" time="0.107" /><testcase classname="backend.tests.test_market_state_features.TestMarketUpdateEndpoint" name="test_market_update_validation_zero_arrivals" time="0.039" /><testcase classname="backend.tests.test_market_state_features.TestMarketUpdateEndpoint" name="test_market_update_validation_negative_arrivals" time="0.034" /><testcase classname="backend.tests.test_market_state_features.TestMarketUpdateEndpoint" name="test_market_update_nonexistent_mandi" time="0.041" /><testcase classname="backend.tests.test_market_state_features.TestMarketUpdateEndpoint" name="test_market_update_with_optional_context" time="0.050" /><testcase classname="backend.tests.test_market_state_features.TestExecuteTransferEndpoint" name="test_execute_transfer_valid" time="0.079" /><testcase classname="backend.tests.test_market_state_features.TestExecuteTransferEndpoint" name="test_transfer_deducts_from_source" time="0.142" /><testcase classname="backend.tests.test_market_state_features.TestExecuteTransferEndpoint" name="test_transfer_adds_to_destination" time="0.069" /><testcase classname="backend.tests.test_market_state_features.TestExecuteTransferEndpoint" name="test_transfer_recomputes_prices_both_mandis" time="0.078" /><testcase classname="backend.tests.test_market_state_features.TestExecuteTransferEndpoint" name="test_transfer_validation_quantity_exceeds_supply" time="0.076" /><testcase classname="backend.tests.test_market_state_features.TestExecuteTransferEndpoint" name="test_transfer_validation_same_source_dest" time="0.035" /><testcase classname="backend.tests.test_market_state_features.TestExecuteTransferEndpoint" name="test_transfer_validation_zero_quantity" time="0.034" /><testcase classname="backend.tests.test_market_state_features.TestExecuteTransferEndpoint" name="test_transfer_appends_to_history" time="0.145" /><testcase classname="backend.tests.test_market_state_features.TestLiveStateEndpoint" name="test_live_state_returns_updated_data" time="0.034" /><testcase classname="backend.tests.test_market_state_features.TestLiveStateEndpoint" name="test_live_state_mandi_fields" time="0.040" /><testcase classname="backend.tests.test_market_state_features.TestLiveStateEndpoint" name="test_live_state_reflects_market_update" time="0.108" /><testcase classname="backend.tests.test_market_state_features.TestStateHistoryEndpoint" name="test_state_history_structure" time="0.032" /><testcase classname="backend.tests.test_market_state_features.TestStateHistoryEndpoint" name="test_state_history_entry_fields" time="0.071" /><testcase classname="backend.tests.test_market_state_features.TestStateHistoryEndpoint" name="test_state_history_append_only" time="0.177" /><testcase classname="backend.tests.test_market_state_features.TestMandiDetailAfterUpdate" name="test_mandi_detail_reflects_update" time="0.079" /><testcase classname="backend.tests.test_market_state_features.TestMandiDetailAfterUpdate" name="test_mandi_history_updated" time="0.075" /><testcase classname="backend.tests.test_market_state_features.TestExistingEndpointsStillWork" name="test_stress_endpoint_still_works" time="0.039" /><testcase classname="backend.tests.test_market_state_features.TestExistingEndpointsStillWork" name="test_simulate_endpoint_still_works" time="0.037" /><testcase classname="backend.tests.test_market_state_features.TestExistingEndpointsStillWork" name="test_recommend_endpoint_still_works" time="0.034" /><testcase classname="backend.tests.test_market_state_features.TestExistingEndpointsStillWork" name="test_graph_endpoint_still_works" time="0.032" /><testcase classname="backend.tests.test_market_state_features.TestExistingEndpointsStillWork" name="test_transfer_recommendations_still_works" time="0.035" /></testsuite></testsuites>