<?xml version="1.0" encoding="utf-8"?><testsuites name="pytest tests"><testsuite name="pytest" errors="0" failures="0" skipped="0" tests="21" time="1.219" timestamp="2026-02-12T22:43:57.974920+00:00" hostname="agent-env-e187af5a-2c5b-4bc6-a615-75e97b34146e"><testcase classname="backend.tests.test_graph_forecast_endpoints.TestGraphEndpoint" name="test_graph_returns_nodes_and_edges" time="0.096" /><testcase classname="backend.tests.test_graph_forecast_endpoints.TestGraphEndpoint" name="test_graph_nodes_have_coordinates" time="0.040" /><testcase classname="backend.tests.test_graph_forecast_endpoints.TestGraphEndpoint" name="test_graph_nodes_have_required_fields" time="0.039" /><testcase classname="backend.tests.test_graph_forecast_endpoints.TestGraphEndpoint" name="test_graph_edges_have_required_fields" time="0.040" /><testcase classname="backend.tests.test_graph_forecast_endpoints.TestGraphEndpoint" name="test_graph_with_origin_parameter" time="0.038" /><testcase classname="backend.tests.test_graph_forecast_endpoints.TestGraphEndpoint" name="test_graph_msi_values_valid" time="0.038" /><testcase classname="backend.tests.test_graph_forecast_endpoints.TestGraphEndpoint" name="test_graph_status_values_valid" time="0.040" /><testcase classname="backend.tests.test_graph_forecast_endpoints.TestForecastEndpoint" name="test_forecast_returns_data" time="0.041" /><testcase classname="backend.tests.test_graph_forecast_endpoints.TestForecastEndpoint" name="test_forecast_returns_correct_horizon" time="0.042" /><testcase classname="backend.tests.test_graph_forecast_endpoints.TestForecastEndpoint" name="test_forecast_points_have_required_fields" time="0.037" /><testcase classname="backend.tests.test_graph_forecast_endpoints.TestForecastEndpoint" name="test_forecast_different_horizons" time="0.116" /><testcase classname="backend.tests.test_graph_forecast_endpoints.TestForecastEndpoint" name="test_forecast_nonexistent_mandi" time="0.039" /><testcase classname="backend.tests.test_graph_forecast_endpoints.TestForecastEndpoint" name="test_forecast_prices_are_positive" time="0.038" /><testcase classname="backend.tests.test_graph_forecast_endpoints.TestSimulateWithGraphEndpoint" name="test_simulate_with_graph_returns_both_payloads" time="0.034" /><testcase classname="backend.tests.test_graph_forecast_endpoints.TestSimulateWithGraphEndpoint" name="test_simulate_with_graph_simulation_fields" time="0.041" /><testcase classname="backend.tests.test_graph_forecast_endpoints.TestSimulateWithGraphEndpoint" name="test_simulate_with_graph_graph_fields" time="0.038" /><testcase classname="backend.tests.test_graph_forecast_endpoints.TestSimulateWithGraphEndpoint" name="test_simulate_with_graph_different_shock_types" time="0.151" /><testcase classname="backend.tests.test_graph_forecast_endpoints.TestSimulateWithGraphEndpoint" name="test_simulate_with_graph_nonexistent_mandi" time="0.037" /><testcase classname="backend.tests.test_graph_forecast_endpoints.TestSimulateWithGraphEndpoint" name="test_simulate_with_graph_intensity_affects_impact" time="0.077" /><testcase classname="backend.tests.test_graph_forecast_endpoints.TestExistingEndpointsStillWork" name="test_mandis_endpoint" time="0.034" /><testcase classname="backend.tests.test_graph_forecast_endpoints.TestExistingEndpointsStillWork" name="test_simulate_endpoint" time="0.041" /></testsuite></testsuites>