<?xml version="1.0" encoding="utf-8"?><testsuites name="pytest tests"><testsuite name="pytest" errors="0" failures="0" skipped="0" tests="27" time="20.973" timestamp="2026-02-12T20:06:56.557631+00:00" hostname="agent-env-f36063ea-19f8-459c-9abb-33feb3126fa1"><testcase classname="backend.tests.test_food_system_api.TestHealthAndBasicEndpoints" name="test_health_check" time="0.086" /><testcase classname="backend.tests.test_food_system_api.TestHealthAndBasicEndpoints" name="test_root_endpoint" time="0.038" /><testcase classname="backend.tests.test_food_system_api.TestStressScoreEngine" name="test_stress_endpoint_returns_data" time="0.036" /><testcase classname="backend.tests.test_food_system_api.TestStressScoreEngine" name="test_stress_mandi_has_computed_fields" time="0.040" /><testcase classname="backend.tests.test_food_system_api.TestStressScoreEngine" name="test_stress_score_classification" time="0.035" /><testcase classname="backend.tests.test_food_system_api.TestMandiDetailEndpoint" name="test_mandi_detail_returns_stress_breakdown" time="0.039" /><testcase classname="backend.tests.test_food_system_api.TestMandiDetailEndpoint" name="test_mandi_detail_has_external_flags" time="0.041" /><testcase classname="backend.tests.test_food_system_api.TestMandiDetailEndpoint" name="test_mandi_detail_has_history" time="0.036" /><testcase classname="backend.tests.test_food_system_api.TestMandiDetailEndpoint" name="test_mandi_not_found" time="0.035" /><testcase classname="backend.tests.test_food_system_api.TestShockSimulationEngine" name="test_rain_shock_simulation" time="0.037" /><testcase classname="backend.tests.test_food_system_api.TestShockSimulationEngine" name="test_demand_spike_simulation" time="0.039" /><testcase classname="backend.tests.test_food_system_api.TestShockSimulationEngine" name="test_simulation_elasticity_parameters" time="0.035" /><testcase classname="backend.tests.test_food_system_api.TestShockSimulationEngine" name="test_simulation_ripple_effects" time="0.034" /><testcase classname="backend.tests.test_food_system_api.TestShockSimulationEngine" name="test_simulation_invalid_mandi" time="0.038" /><testcase classname="backend.tests.test_food_system_api.TestRecommendationEngine" name="test_recommendation_returns_structure" time="0.043" /><testcase classname="backend.tests.test_food_system_api.TestRecommendationEngine" name="test_recommendation_has_source_destination" time="0.032" /><testcase classname="backend.tests.test_food_system_api.TestRecommendationEngine" name="test_recommendation_with_ai_insights" time="5.724" /><testcase classname="backend.tests.test_food_system_api.TestRecommendationEngine" name="test_recommendation_without_ai_insights" time="0.053" /><testcase classname="backend.tests.test_food_system_api.TestRecommendationEngine" name="test_recommendation_invalid_mandi" time="0.034" /><testcase classname="backend.tests.test_food_system_api.TestShockTypesEndpoint" name="test_shock_types_returns_list" time="0.040" /><testcase classname="backend.tests.test_food_system_api.TestMandisListEndpoint" name="test_mandis_list_returns_all" time="0.039" /><testcase classname="backend.tests.test_food_system_api.TestStressCalculationRules" name="test_price_stress_rules" time="0.246" /><testcase classname="backend.tests.test_food_system_api.TestStressCalculationRules" name="test_supply_stress_rules" time="0.238" /><testcase classname="backend.tests.test_food_system_api.TestStressCalculationRules" name="test_external_stress_rules" time="0.289" /><testcase classname="backend.tests.test_food_system_api.TestJarvisAIAssistant" name="test_jarvis_chat_basic" time="4.365" /><testcase classname="backend.tests.test_food_system_api.TestJarvisAIAssistant" name="test_jarvis_chat_with_context" time="4.788" /><testcase classname="backend.tests.test_food_system_api.TestJarvisAIAssistant" name="test_jarvis_chat_with_history" time="4.368" /></testsuite></testsuites>