<?xml version="1.0" encoding="utf-8"?><testsuites name="pytest tests"><testsuite name="pytest" errors="0" failures="0" skipped="0" tests="24" time="7.584" timestamp="2026-02-12T17:24:13.612084+00:00" hostname="agent-env-2e4bd540-4e14-42c7-b28d-336b976c40eb"><testcase classname="backend.tests.test_food_system_api.TestHealthAndBasicEndpoints" name="test_health_check" time="0.098" /><testcase classname="backend.tests.test_food_system_api.TestHealthAndBasicEndpoints" name="test_root_endpoint" time="0.038" /><testcase classname="backend.tests.test_food_system_api.TestStressScoreEngine" name="test_stress_endpoint_returns_data" time="0.039" /><testcase classname="backend.tests.test_food_system_api.TestStressScoreEngine" name="test_stress_mandi_has_computed_fields" time="0.041" /><testcase classname="backend.tests.test_food_system_api.TestStressScoreEngine" name="test_stress_score_classification" time="0.047" /><testcase classname="backend.tests.test_food_system_api.TestMandiDetailEndpoint" name="test_mandi_detail_returns_stress_breakdown" time="0.042" /><testcase classname="backend.tests.test_food_system_api.TestMandiDetailEndpoint" name="test_mandi_detail_has_external_flags" time="0.039" /><testcase classname="backend.tests.test_food_system_api.TestMandiDetailEndpoint" name="test_mandi_detail_has_history" time="0.040" /><testcase classname="backend.tests.test_food_system_api.TestMandiDetailEndpoint" name="test_mandi_not_found" time="0.039" /><testcase classname="backend.tests.test_food_system_api.TestShockSimulationEngine" name="test_rain_shock_simulation" time="0.035" /><testcase classname="backend.tests.test_food_system_api.TestShockSimulationEngine" name="test_demand_spike_simulation" time="0.038" /><testcase classname="backend.tests.test_food_system_api.TestShockSimulationEngine" name="test_simulation_elasticity_parameters" time="0.037" /><testcase classname="backend.tests.test_food_system_api.TestShockSimulationEngine" name="test_simulation_ripple_effects" time="0.042" /><testcase classname="backend.tests.test_food_system_api.TestShockSimulationEngine" name="test_simulation_invalid_mandi" time="0.038" /><testcase classname="backend.tests.test_food_system_api.TestRecommendationEngine" name="test_recommendation_returns_structure" time="0.038" /><testcase classname="backend.tests.test_food_system_api.TestRecommendationEngine" name="test_recommendation_has_source_destination" time="0.044" /><testcase classname="backend.tests.test_food_system_api.TestRecommendationEngine" name="test_recommendation_with_ai_insights" time="5.819" /><testcase classname="backend.tests.test_food_system_api.TestRecommendationEngine" name="test_recommendation_without_ai_insights" time="0.051" /><testcase classname="backend.tests.test_food_system_api.TestRecommendationEngine" name="test_recommendation_invalid_mandi" time="0.038" /><testcase classname="backend.tests.test_food_system_api.TestShockTypesEndpoint" name="test_shock_types_returns_list" time="0.037" /><testcase classname="backend.tests.test_food_system_api.TestMandisListEndpoint" name="test_mandis_list_returns_all" time="0.037" /><testcase classname="backend.tests.test_food_system_api.TestStressCalculationRules" name="test_price_stress_rules" time="0.251" /><testcase classname="backend.tests.test_food_system_api.TestStressCalculationRules" name="test_supply_stress_rules" time="0.246" /><testcase classname="backend.tests.test_food_system_api.TestStressCalculationRules" name="test_external_stress_rules" time="0.248" /></testsuite></testsuites>